{"name":"Проверка работы фильтра по производителю","status":"failed","statusDetails":{"known":false,"muted":false,"flaky":false,"message":"Element not found {By.xpath: //div/span[contains(text(),'Производитель')]}\nExpected: visible or transparent: visible or have css value opacity=0\nScreenshot: file:/C:/Users/unreg/Desktop/Новая%20папка/bystgarfield/build/reports/tests/1575617133310.0.png\nPage source: file:/C:/Users/unreg/Desktop/Новая%20папка/bystgarfield/build/reports/tests/1575617133310.0.html\nTimeout: 6 s.\nCaused by: NoSuchElementException: no such element: Unable to locate element: {\"method\":\"xpath\",\"selector\":\"//div/span[contains(text(),'Производитель')]\"}","trace":"Element not found {By.xpath: //div/span[contains(text(),'Производитель')]}\nExpected: visible or transparent: visible or have css value opacity=0\nScreenshot: file:/C:/Users/unreg/Desktop/Новая%20папка/bystgarfield/build/reports/tests/1575617133310.0.png\nPage source: file:/C:/Users/unreg/Desktop/Новая%20папка/bystgarfield/build/reports/tests/1575617133310.0.html\nTimeout: 6 s.\nCaused by: NoSuchElementException: no such element: Unable to locate element: {\"method\":\"xpath\",\"selector\":\"//div/span[contains(text(),'Производитель')]\"}\r\n\tat com.codeborne.selenide.impl.WebElementSource.createElementNotFoundError(WebElementSource.java:37)\r\n\tat com.codeborne.selenide.impl.ElementFinder.createElementNotFoundError(ElementFinder.java:100)\r\n\tat com.codeborne.selenide.impl.WebElementSource.checkCondition(WebElementSource.java:65)\r\n\tat com.codeborne.selenide.impl.WebElementSource.findAndAssertElementIsInteractable(WebElementSource.java:87)\r\n\tat com.codeborne.selenide.commands.Click.execute(Click.java:13)\r\n\tat com.codeborne.selenide.commands.Click.execute(Click.java:9)\r\n\tat com.codeborne.selenide.commands.Commands.execute(Commands.java:145)\r\n\tat com.codeborne.selenide.impl.SelenideElementProxy.dispatchAndRetry(SelenideElementProxy.java:99)\r\n\tat com.codeborne.selenide.impl.SelenideElementProxy.invoke(SelenideElementProxy.java:65)\r\n\tat com.sun.proxy.$Proxy12.click(Unknown Source)\r\n\tat pageobject.DryFoodPage.selectManufacturerInFilterByName(DryFoodPage.java:19)\r\n\tat basic.HardCodeOnline.verifyFilterOnCategory(HardCodeOnline.java:103)\r\n\tat java.base/jdk.internal.reflect.NativeMethodAccessorImpl.invoke0(Native Method)\r\n\tat java.base/jdk.internal.reflect.NativeMethodAccessorImpl.invoke(NativeMethodAccessorImpl.java:62)\r\n\tat java.base/jdk.internal.reflect.DelegatingMethodAccessorImpl.invoke(DelegatingMethodAccessorImpl.java:43)\r\n\tat java.base/java.lang.reflect.Method.invoke(Method.java:567)\r\n\tat org.testng.internal.MethodInvocationHelper.invokeMethod(MethodInvocationHelper.java:133)\r\n\tat org.testng.internal.TestInvoker.invokeMethod(TestInvoker.java:584)\r\n\tat org.testng.internal.TestInvoker.invokeTestMethod(TestInvoker.java:172)\r\n\tat org.testng.internal.MethodRunner.runInSequence(MethodRunner.java:46)\r\n\tat org.testng.internal.TestInvoker$MethodInvocationAgent.invoke(TestInvoker.java:804)\r\n\tat org.testng.internal.TestInvoker.invokeTestMethods(TestInvoker.java:145)\r\n\tat org.testng.internal.TestMethodWorker.invokeTestMethods(TestMethodWorker.java:146)\r\n\tat org.testng.internal.TestMethodWorker.run(TestMethodWorker.java:128)\r\n\tat java.base/java.util.ArrayList.forEach(ArrayList.java:1507)\r\n\tat org.testng.TestRunner.privateRun(TestRunner.java:770)\r\n\tat org.testng.TestRunner.run(TestRunner.java:591)\r\n\tat org.testng.SuiteRunner.runTest(SuiteRunner.java:402)\r\n\tat org.testng.SuiteRunner.runSequentially(SuiteRunner.java:396)\r\n\tat org.testng.SuiteRunner.privateRun(SuiteRunner.java:355)\r\n\tat org.testng.SuiteRunner.run(SuiteRunner.java:304)\r\n\tat org.testng.SuiteRunnerWorker.runSuite(SuiteRunnerWorker.java:53)\r\n\tat org.testng.SuiteRunnerWorker.run(SuiteRunnerWorker.java:96)\r\n\tat org.testng.TestNG.runSuitesSequentially(TestNG.java:1180)\r\n\tat org.testng.TestNG.runSuitesLocally(TestNG.java:1102)\r\n\tat org.testng.TestNG.runSuites(TestNG.java:1032)\r\n\tat org.testng.TestNG.run(TestNG.java:1000)\r\n\tat org.testng.IDEARemoteTestNG.run(IDEARemoteTestNG.java:73)\r\n\tat org.testng.RemoteTestNGStarter.main(RemoteTestNGStarter.java:123)\r\nCaused by: org.openqa.selenium.NoSuchElementException: no such element: Unable to locate element: {\"method\":\"xpath\",\"selector\":\"//div/span[contains(text(),'Производитель')]\"}\n  (Session info: chrome=78.0.3904.97)\nFor documentation on this error, please visit: https://www.seleniumhq.org/exceptions/no_such_element.html\nBuild info: version: '3.141.59', revision: 'e82be7d358', time: '2018-11-14T08:17:03'\nSystem info: host: 'DESKTOP-MTSHBJ8', ip: '192.168.100.16', os.name: 'Windows 10', os.arch: 'amd64', os.version: '10.0', java.version: '13'\nDriver info: org.openqa.selenium.chrome.ChromeDriver\nCapabilities {acceptInsecureCerts: false, browserName: chrome, browserVersion: 78.0.3904.97, chrome: {chromedriverVersion: 78.0.3904.105 (60e2d8774a81..., userDataDir: C:\\Users\\unreg\\AppData\\Loca...}, goog:chromeOptions: {debuggerAddress: localhost:53976}, javascriptEnabled: true, networkConnectionEnabled: false, pageLoadStrategy: normal, platform: XP, platformName: XP, proxy: Proxy(), setWindowRect: true, strictFileInteractability: false, timeouts: {implicit: 0, pageLoad: 300000, script: 30000}, unhandledPromptBehavior: dismiss and notify}\nSession ID: f1c72519eefe30782fb344f068a4a4d3\n*** Element info: {Using=xpath, value=//div/span[contains(text(),'Производитель')]}\r\n\tat jdk.internal.reflect.GeneratedConstructorAccessor19.newInstance(Unknown Source)\r\n\tat java.base/jdk.internal.reflect.DelegatingConstructorAccessorImpl.newInstance(DelegatingConstructorAccessorImpl.java:45)\r\n\tat java.base/java.lang.reflect.Constructor.newInstanceWithCaller(Constructor.java:500)\r\n\tat java.base/java.lang.reflect.Constructor.newInstance(Constructor.java:481)\r\n\tat org.openqa.selenium.remote.http.W3CHttpResponseCodec.createException(W3CHttpResponseCodec.java:187)\r\n\tat org.openqa.selenium.remote.http.W3CHttpResponseCodec.decode(W3CHttpResponseCodec.java:122)\r\n\tat org.openqa.selenium.remote.http.W3CHttpResponseCodec.decode(W3CHttpResponseCodec.java:49)\r\n\tat org.openqa.selenium.remote.HttpCommandExecutor.execute(HttpCommandExecutor.java:158)\r\n\tat org.openqa.selenium.remote.service.DriverCommandExecutor.execute(DriverCommandExecutor.java:83)\r\n\tat org.openqa.selenium.remote.RemoteWebDriver.execute(RemoteWebDriver.java:552)\r\n\tat org.openqa.selenium.remote.RemoteWebDriver.findElement(RemoteWebDriver.java:323)\r\n\tat org.openqa.selenium.remote.RemoteWebDriver.findElementByXPath(RemoteWebDriver.java:428)\r\n\tat org.openqa.selenium.By$ByXPath.findElement(By.java:353)\r\n\tat org.openqa.selenium.remote.RemoteWebDriver.findElement(RemoteWebDriver.java:315)\r\n\tat com.codeborne.selenide.impl.WebElementSelector.findElement(WebElementSelector.java:30)\r\n\tat com.codeborne.selenide.impl.ElementFinder.getWebElement(ElementFinder.java:74)\r\n\tat com.codeborne.selenide.impl.WebElementSource.checkCondition(WebElementSource.java:50)\r\n\t... 36 more\r\n"},"stage":"finished","steps":[{"name":"clickToCatCategoryOnUpperMenu","status":"passed","stage":"finished","steps":[{"name":"$([href='/catalog/cats.html']) click()","status":"passed","stage":"finished","steps":[],"attachments":[],"parameters":[],"start":1575617115115,"stop":1575617122007}],"attachments":[],"parameters":[],"start":1575617115114,"stop":1575617122007},{"name":"clickOnLeftMenuLinkDryFood","status":"passed","stage":"finished","steps":[{"name":"$([alt='Сухие корма']) click()","status":"passed","stage":"finished","steps":[],"attachments":[],"parameters":[],"start":1575617122007,"stop":1575617127097}],"attachments":[],"parameters":[],"start":1575617122007,"stop":1575617127097},{"name":"selectManufacturerInFilterByName","status":"failed","statusDetails":{"known":false,"muted":false,"flaky":false,"message":"Element not found {By.xpath: //div/span[contains(text(),'Производитель')]}\nExpected: visible or transparent: visible or have css value opacity=0\nScreenshot: file:/C:/Users/unreg/Desktop/Новая%20папка/bystgarfield/build/reports/tests/1575617133310.0.png\nPage source: file:/C:/Users/unreg/Desktop/Новая%20папка/bystgarfield/build/reports/tests/1575617133310.0.html\nTimeout: 6 s.\nCaused by: NoSuchElementException: no such element: Unable to locate element: {\"method\":\"xpath\",\"selector\":\"//div/span[contains(text(),'Производитель')]\"}","trace":"Element not found {By.xpath: //div/span[contains(text(),'Производитель')]}\nExpected: visible or transparent: visible or have css value opacity=0\nScreenshot: file:/C:/Users/unreg/Desktop/Новая%20папка/bystgarfield/build/reports/tests/1575617133310.0.png\nPage source: file:/C:/Users/unreg/Desktop/Новая%20папка/bystgarfield/build/reports/tests/1575617133310.0.html\nTimeout: 6 s.\nCaused by: NoSuchElementException: no such element: Unable to locate element: {\"method\":\"xpath\",\"selector\":\"//div/span[contains(text(),'Производитель')]\"}\r\n\tat com.codeborne.selenide.impl.WebElementSource.createElementNotFoundError(WebElementSource.java:37)\r\n\tat com.codeborne.selenide.impl.ElementFinder.createElementNotFoundError(ElementFinder.java:100)\r\n\tat com.codeborne.selenide.impl.WebElementSource.checkCondition(WebElementSource.java:65)\r\n\tat com.codeborne.selenide.impl.WebElementSource.findAndAssertElementIsInteractable(WebElementSource.java:87)\r\n\tat com.codeborne.selenide.commands.Click.execute(Click.java:13)\r\n\tat com.codeborne.selenide.commands.Click.execute(Click.java:9)\r\n\tat com.codeborne.selenide.commands.Commands.execute(Commands.java:145)\r\n\tat com.codeborne.selenide.impl.SelenideElementProxy.dispatchAndRetry(SelenideElementProxy.java:99)\r\n\tat com.codeborne.selenide.impl.SelenideElementProxy.invoke(SelenideElementProxy.java:65)\r\n\tat com.sun.proxy.$Proxy12.click(Unknown Source)\r\n\tat pageobject.DryFoodPage.selectManufacturerInFilterByName(DryFoodPage.java:19)\r\n\tat basic.HardCodeOnline.verifyFilterOnCategory(HardCodeOnline.java:103)\r\n\tat java.base/jdk.internal.reflect.NativeMethodAccessorImpl.invoke0(Native Method)\r\n\tat java.base/jdk.internal.reflect.NativeMethodAccessorImpl.invoke(NativeMethodAccessorImpl.java:62)\r\n\tat java.base/jdk.internal.reflect.DelegatingMethodAccessorImpl.invoke(DelegatingMethodAccessorImpl.java:43)\r\n\tat java.base/java.lang.reflect.Method.invoke(Method.java:567)\r\n\tat org.testng.internal.MethodInvocationHelper.invokeMethod(MethodInvocationHelper.java:133)\r\n\tat org.testng.internal.TestInvoker.invokeMethod(TestInvoker.java:584)\r\n\tat org.testng.internal.TestInvoker.invokeTestMethod(TestInvoker.java:172)\r\n\tat org.testng.internal.MethodRunner.runInSequence(MethodRunner.java:46)\r\n\tat org.testng.internal.TestInvoker$MethodInvocationAgent.invoke(TestInvoker.java:804)\r\n\tat org.testng.internal.TestInvoker.invokeTestMethods(TestInvoker.java:145)\r\n\tat org.testng.internal.TestMethodWorker.invokeTestMethods(TestMethodWorker.java:146)\r\n\tat org.testng.internal.TestMethodWorker.run(TestMethodWorker.java:128)\r\n\tat java.base/java.util.ArrayList.forEach(ArrayList.java:1507)\r\n\tat org.testng.TestRunner.privateRun(TestRunner.java:770)\r\n\tat org.testng.TestRunner.run(TestRunner.java:591)\r\n\tat org.testng.SuiteRunner.runTest(SuiteRunner.java:402)\r\n\tat org.testng.SuiteRunner.runSequentially(SuiteRunner.java:396)\r\n\tat org.testng.SuiteRunner.privateRun(SuiteRunner.java:355)\r\n\tat org.testng.SuiteRunner.run(SuiteRunner.java:304)\r\n\tat org.testng.SuiteRunnerWorker.runSuite(SuiteRunnerWorker.java:53)\r\n\tat org.testng.SuiteRunnerWorker.run(SuiteRunnerWorker.java:96)\r\n\tat org.testng.TestNG.runSuitesSequentially(TestNG.java:1180)\r\n\tat org.testng.TestNG.runSuitesLocally(TestNG.java:1102)\r\n\tat org.testng.TestNG.runSuites(TestNG.java:1032)\r\n\tat org.testng.TestNG.run(TestNG.java:1000)\r\n\tat org.testng.IDEARemoteTestNG.run(IDEARemoteTestNG.java:73)\r\n\tat org.testng.RemoteTestNGStarter.main(RemoteTestNGStarter.java:123)\r\nCaused by: org.openqa.selenium.NoSuchElementException: no such element: Unable to locate element: {\"method\":\"xpath\",\"selector\":\"//div/span[contains(text(),'Производитель')]\"}\n  (Session info: chrome=78.0.3904.97)\nFor documentation on this error, please visit: https://www.seleniumhq.org/exceptions/no_such_element.html\nBuild info: version: '3.141.59', revision: 'e82be7d358', time: '2018-11-14T08:17:03'\nSystem info: host: 'DESKTOP-MTSHBJ8', ip: '192.168.100.16', os.name: 'Windows 10', os.arch: 'amd64', os.version: '10.0', java.version: '13'\nDriver info: org.openqa.selenium.chrome.ChromeDriver\nCapabilities {acceptInsecureCerts: false, browserName: chrome, browserVersion: 78.0.3904.97, chrome: {chromedriverVersion: 78.0.3904.105 (60e2d8774a81..., userDataDir: C:\\Users\\unreg\\AppData\\Loca...}, goog:chromeOptions: {debuggerAddress: localhost:53976}, javascriptEnabled: true, networkConnectionEnabled: false, pageLoadStrategy: normal, platform: XP, platformName: XP, proxy: Proxy(), setWindowRect: true, strictFileInteractability: false, timeouts: {implicit: 0, pageLoad: 300000, script: 30000}, unhandledPromptBehavior: dismiss and notify}\nSession ID: f1c72519eefe30782fb344f068a4a4d3\n*** Element info: {Using=xpath, value=//div/span[contains(text(),'Производитель')]}\r\n\tat jdk.internal.reflect.GeneratedConstructorAccessor19.newInstance(Unknown Source)\r\n\tat java.base/jdk.internal.reflect.DelegatingConstructorAccessorImpl.newInstance(DelegatingConstructorAccessorImpl.java:45)\r\n\tat java.base/java.lang.reflect.Constructor.newInstanceWithCaller(Constructor.java:500)\r\n\tat java.base/java.lang.reflect.Constructor.newInstance(Constructor.java:481)\r\n\tat org.openqa.selenium.remote.http.W3CHttpResponseCodec.createException(W3CHttpResponseCodec.java:187)\r\n\tat org.openqa.selenium.remote.http.W3CHttpResponseCodec.decode(W3CHttpResponseCodec.java:122)\r\n\tat org.openqa.selenium.remote.http.W3CHttpResponseCodec.decode(W3CHttpResponseCodec.java:49)\r\n\tat org.openqa.selenium.remote.HttpCommandExecutor.execute(HttpCommandExecutor.java:158)\r\n\tat org.openqa.selenium.remote.service.DriverCommandExecutor.execute(DriverCommandExecutor.java:83)\r\n\tat org.openqa.selenium.remote.RemoteWebDriver.execute(RemoteWebDriver.java:552)\r\n\tat org.openqa.selenium.remote.RemoteWebDriver.findElement(RemoteWebDriver.java:323)\r\n\tat org.openqa.selenium.remote.RemoteWebDriver.findElementByXPath(RemoteWebDriver.java:428)\r\n\tat org.openqa.selenium.By$ByXPath.findElement(By.java:353)\r\n\tat org.openqa.selenium.remote.RemoteWebDriver.findElement(RemoteWebDriver.java:315)\r\n\tat com.codeborne.selenide.impl.WebElementSelector.findElement(WebElementSelector.java:30)\r\n\tat com.codeborne.selenide.impl.ElementFinder.getWebElement(ElementFinder.java:74)\r\n\tat com.codeborne.selenide.impl.WebElementSource.checkCondition(WebElementSource.java:50)\r\n\t... 36 more\r\n"},"stage":"finished","steps":[{"name":"$(By.xpath: //div/span[contains(text(),'Производитель')]) click()","status":"failed","statusDetails":{"known":false,"muted":false,"flaky":false,"message":"Element not found {By.xpath: //div/span[contains(text(),'Производитель')]}\nExpected: visible or transparent: visible or have css value opacity=0\nScreenshot: file:/C:/Users/unreg/Desktop/Новая%20папка/bystgarfield/build/reports/tests/1575617133310.0.png\nPage source: file:/C:/Users/unreg/Desktop/Новая%20папка/bystgarfield/build/reports/tests/1575617133310.0.html\nTimeout: 6 s.\nCaused by: NoSuchElementException: no such element: Unable to locate element: {\"method\":\"xpath\",\"selector\":\"//div/span[contains(text(),'Производитель')]\"}","trace":"Element not found {By.xpath: //div/span[contains(text(),'Производитель')]}\nExpected: visible or transparent: visible or have css value opacity=0\nScreenshot: file:/C:/Users/unreg/Desktop/Новая%20папка/bystgarfield/build/reports/tests/1575617133310.0.png\nPage source: file:/C:/Users/unreg/Desktop/Новая%20папка/bystgarfield/build/reports/tests/1575617133310.0.html\nTimeout: 6 s.\nCaused by: NoSuchElementException: no such element: Unable to locate element: {\"method\":\"xpath\",\"selector\":\"//div/span[contains(text(),'Производитель')]\"}\r\n\tat com.codeborne.selenide.impl.WebElementSource.createElementNotFoundError(WebElementSource.java:37)\r\n\tat com.codeborne.selenide.impl.ElementFinder.createElementNotFoundError(ElementFinder.java:100)\r\n\tat com.codeborne.selenide.impl.WebElementSource.checkCondition(WebElementSource.java:65)\r\n\tat com.codeborne.selenide.impl.WebElementSource.findAndAssertElementIsInteractable(WebElementSource.java:87)\r\n\tat com.codeborne.selenide.commands.Click.execute(Click.java:13)\r\n\tat com.codeborne.selenide.commands.Click.execute(Click.java:9)\r\n\tat com.codeborne.selenide.commands.Commands.execute(Commands.java:145)\r\n\tat com.codeborne.selenide.impl.SelenideElementProxy.dispatchAndRetry(SelenideElementProxy.java:99)\r\n\tat com.codeborne.selenide.impl.SelenideElementProxy.invoke(SelenideElementProxy.java:65)\r\n\tat com.sun.proxy.$Proxy12.click(Unknown Source)\r\n\tat pageobject.DryFoodPage.selectManufacturerInFilterByName(DryFoodPage.java:19)\r\n\tat basic.HardCodeOnline.verifyFilterOnCategory(HardCodeOnline.java:103)\r\n\tat java.base/jdk.internal.reflect.NativeMethodAccessorImpl.invoke0(Native Method)\r\n\tat java.base/jdk.internal.reflect.NativeMethodAccessorImpl.invoke(NativeMethodAccessorImpl.java:62)\r\n\tat java.base/jdk.internal.reflect.DelegatingMethodAccessorImpl.invoke(DelegatingMethodAccessorImpl.java:43)\r\n\tat java.base/java.lang.reflect.Method.invoke(Method.java:567)\r\n\tat org.testng.internal.MethodInvocationHelper.invokeMethod(MethodInvocationHelper.java:133)\r\n\tat org.testng.internal.TestInvoker.invokeMethod(TestInvoker.java:584)\r\n\tat org.testng.internal.TestInvoker.invokeTestMethod(TestInvoker.java:172)\r\n\tat org.testng.internal.MethodRunner.runInSequence(MethodRunner.java:46)\r\n\tat org.testng.internal.TestInvoker$MethodInvocationAgent.invoke(TestInvoker.java:804)\r\n\tat org.testng.internal.TestInvoker.invokeTestMethods(TestInvoker.java:145)\r\n\tat org.testng.internal.TestMethodWorker.invokeTestMethods(TestMethodWorker.java:146)\r\n\tat org.testng.internal.TestMethodWorker.run(TestMethodWorker.java:128)\r\n\tat java.base/java.util.ArrayList.forEach(ArrayList.java:1507)\r\n\tat org.testng.TestRunner.privateRun(TestRunner.java:770)\r\n\tat org.testng.TestRunner.run(TestRunner.java:591)\r\n\tat org.testng.SuiteRunner.runTest(SuiteRunner.java:402)\r\n\tat org.testng.SuiteRunner.runSequentially(SuiteRunner.java:396)\r\n\tat org.testng.SuiteRunner.privateRun(SuiteRunner.java:355)\r\n\tat org.testng.SuiteRunner.run(SuiteRunner.java:304)\r\n\tat org.testng.SuiteRunnerWorker.runSuite(SuiteRunnerWorker.java:53)\r\n\tat org.testng.SuiteRunnerWorker.run(SuiteRunnerWorker.java:96)\r\n\tat org.testng.TestNG.runSuitesSequentially(TestNG.java:1180)\r\n\tat org.testng.TestNG.runSuitesLocally(TestNG.java:1102)\r\n\tat org.testng.TestNG.runSuites(TestNG.java:1032)\r\n\tat org.testng.TestNG.run(TestNG.java:1000)\r\n\tat org.testng.IDEARemoteTestNG.run(IDEARemoteTestNG.java:73)\r\n\tat org.testng.RemoteTestNGStarter.main(RemoteTestNGStarter.java:123)\r\nCaused by: org.openqa.selenium.NoSuchElementException: no such element: Unable to locate element: {\"method\":\"xpath\",\"selector\":\"//div/span[contains(text(),'Производитель')]\"}\n  (Session info: chrome=78.0.3904.97)\nFor documentation on this error, please visit: https://www.seleniumhq.org/exceptions/no_such_element.html\nBuild info: version: '3.141.59', revision: 'e82be7d358', time: '2018-11-14T08:17:03'\nSystem info: host: 'DESKTOP-MTSHBJ8', ip: '192.168.100.16', os.name: 'Windows 10', os.arch: 'amd64', os.version: '10.0', java.version: '13'\nDriver info: org.openqa.selenium.chrome.ChromeDriver\nCapabilities {acceptInsecureCerts: false, browserName: chrome, browserVersion: 78.0.3904.97, chrome: {chromedriverVersion: 78.0.3904.105 (60e2d8774a81..., userDataDir: C:\\Users\\unreg\\AppData\\Loca...}, goog:chromeOptions: {debuggerAddress: localhost:53976}, javascriptEnabled: true, networkConnectionEnabled: false, pageLoadStrategy: normal, platform: XP, platformName: XP, proxy: Proxy(), setWindowRect: true, strictFileInteractability: false, timeouts: {implicit: 0, pageLoad: 300000, script: 30000}, unhandledPromptBehavior: dismiss and notify}\nSession ID: f1c72519eefe30782fb344f068a4a4d3\n*** Element info: {Using=xpath, value=//div/span[contains(text(),'Производитель')]}\r\n\tat jdk.internal.reflect.GeneratedConstructorAccessor19.newInstance(Unknown Source)\r\n\tat java.base/jdk.internal.reflect.DelegatingConstructorAccessorImpl.newInstance(DelegatingConstructorAccessorImpl.java:45)\r\n\tat java.base/java.lang.reflect.Constructor.newInstanceWithCaller(Constructor.java:500)\r\n\tat java.base/java.lang.reflect.Constructor.newInstance(Constructor.java:481)\r\n\tat org.openqa.selenium.remote.http.W3CHttpResponseCodec.createException(W3CHttpResponseCodec.java:187)\r\n\tat org.openqa.selenium.remote.http.W3CHttpResponseCodec.decode(W3CHttpResponseCodec.java:122)\r\n\tat org.openqa.selenium.remote.http.W3CHttpResponseCodec.decode(W3CHttpResponseCodec.java:49)\r\n\tat org.openqa.selenium.remote.HttpCommandExecutor.execute(HttpCommandExecutor.java:158)\r\n\tat org.openqa.selenium.remote.service.DriverCommandExecutor.execute(DriverCommandExecutor.java:83)\r\n\tat org.openqa.selenium.remote.RemoteWebDriver.execute(RemoteWebDriver.java:552)\r\n\tat org.openqa.selenium.remote.RemoteWebDriver.findElement(RemoteWebDriver.java:323)\r\n\tat org.openqa.selenium.remote.RemoteWebDriver.findElementByXPath(RemoteWebDriver.java:428)\r\n\tat org.openqa.selenium.By$ByXPath.findElement(By.java:353)\r\n\tat org.openqa.selenium.remote.RemoteWebDriver.findElement(RemoteWebDriver.java:315)\r\n\tat com.codeborne.selenide.impl.WebElementSelector.findElement(WebElementSelector.java:30)\r\n\tat com.codeborne.selenide.impl.ElementFinder.getWebElement(ElementFinder.java:74)\r\n\tat com.codeborne.selenide.impl.WebElementSource.checkCondition(WebElementSource.java:50)\r\n\t... 36 more\r\n"},"stage":"finished","steps":[],"attachments":[{"name":"Screenshot","source":"9b2e127b-4783-4ee6-ac1e-f314e334c777-attachment.png","type":"image/png"}],"parameters":[],"start":1575617127098,"stop":1575617135935}],"attachments":[],"parameters":[{"name":"name","value":"Araton"}],"start":1575617127098,"stop":1575617135936}],"attachments":[],"parameters":[{"name":"browserName","value":"CHROME"}],"start":1575617115114,"stop":1575617136466,"uuid":"00424fc4-1d0f-4b0b-b259-4f33345e04f7","historyId":"279cec81c8ab050105d252a601419a99","fullName":"basic.HardCodeOnline.verifyFilterOnCategory","labels":[{"name":"package","value":"basic.HardCodeOnline"},{"name":"testClass","value":"basic.HardCodeOnline"},{"name":"testMethod","value":"verifyFilterOnCategory"},{"name":"parentSuite","value":"Garfield.by - auto test"},{"name":"suite","value":"Write new post"},{"name":"subSuite","value":"basic.HardCodeOnline"},{"name":"host","value":"DESKTOP-MTSHBJ8"},{"name":"thread","value":"17776@DESKTOP-MTSHBJ8.main(1)"},{"name":"framework","value":"testng"},{"name":"language","value":"java"}],"links":[]}