{"name":"Проверка, что каждый сниппет содержит иконку акции на странице скидки","status":"failed","statusDetails":{"known":false,"muted":false,"flaky":false,"message":"Element not found {[class=\"product-item-label-text product-item-label-stock\"]}\nExpected: visible\nScreenshot: file:/C:/Users/unreg/Desktop/Новая%20папка/bystgarfield/build/reports/tests/1574284706689.0.png\nPage source: file:/C:/Users/unreg/Desktop/Новая%20папка/bystgarfield/build/reports/tests/1574284706689.0.html\nTimeout: 3 s.\nCaused by: java.lang.IndexOutOfBoundsException: Index 0 out of bounds for length 0","trace":"Element not found {[class=\"product-item-label-text product-item-label-stock\"]}\nExpected: visible\nScreenshot: file:/C:/Users/unreg/Desktop/Новая%20папка/bystgarfield/build/reports/tests/1574284706689.0.png\nPage source: file:/C:/Users/unreg/Desktop/Новая%20папка/bystgarfield/build/reports/tests/1574284706689.0.html\nTimeout: 3 s.\nCaused by: java.lang.IndexOutOfBoundsException: Index 0 out of bounds for length 0\r\n\tat com.codeborne.selenide.impl.CollectionElement.createElementNotFoundError(CollectionElement.java:46)\r\n\tat com.codeborne.selenide.impl.WebElementSource.checkCondition(WebElementSource.java:65)\r\n\tat com.codeborne.selenide.commands.Should.execute(Should.java:24)\r\n\tat com.codeborne.selenide.commands.Should.execute(Should.java:10)\r\n\tat com.codeborne.selenide.commands.Commands.execute(Commands.java:145)\r\n\tat com.codeborne.selenide.impl.SelenideElementProxy.dispatchAndRetry(SelenideElementProxy.java:99)\r\n\tat com.codeborne.selenide.impl.SelenideElementProxy.invoke(SelenideElementProxy.java:65)\r\n\tat com.sun.proxy.$Proxy12.waitUntil(Unknown Source)\r\n\tat pageobject.StockPage.getCountIconSaleOnPage(StockPage.java:21)\r\n\tat basic.HardCodeOnline.verifyAllSnippetsContainsIconSale(HardCodeOnline.java:95)\r\n\tat java.base/jdk.internal.reflect.NativeMethodAccessorImpl.invoke0(Native Method)\r\n\tat java.base/jdk.internal.reflect.NativeMethodAccessorImpl.invoke(NativeMethodAccessorImpl.java:62)\r\n\tat java.base/jdk.internal.reflect.DelegatingMethodAccessorImpl.invoke(DelegatingMethodAccessorImpl.java:43)\r\n\tat java.base/java.lang.reflect.Method.invoke(Method.java:567)\r\n\tat org.testng.internal.MethodInvocationHelper.invokeMethod(MethodInvocationHelper.java:133)\r\n\tat org.testng.internal.TestInvoker.invokeMethod(TestInvoker.java:584)\r\n\tat org.testng.internal.TestInvoker.invokeTestMethod(TestInvoker.java:172)\r\n\tat org.testng.internal.MethodRunner.runInSequence(MethodRunner.java:46)\r\n\tat org.testng.internal.TestInvoker$MethodInvocationAgent.invoke(TestInvoker.java:804)\r\n\tat org.testng.internal.TestInvoker.invokeTestMethods(TestInvoker.java:145)\r\n\tat org.testng.internal.TestMethodWorker.invokeTestMethods(TestMethodWorker.java:146)\r\n\tat org.testng.internal.TestMethodWorker.run(TestMethodWorker.java:128)\r\n\tat java.base/java.util.ArrayList.forEach(ArrayList.java:1507)\r\n\tat org.testng.TestRunner.privateRun(TestRunner.java:770)\r\n\tat org.testng.TestRunner.run(TestRunner.java:591)\r\n\tat org.testng.SuiteRunner.runTest(SuiteRunner.java:402)\r\n\tat org.testng.SuiteRunner.runSequentially(SuiteRunner.java:396)\r\n\tat org.testng.SuiteRunner.privateRun(SuiteRunner.java:355)\r\n\tat org.testng.SuiteRunner.run(SuiteRunner.java:304)\r\n\tat org.testng.SuiteRunnerWorker.runSuite(SuiteRunnerWorker.java:53)\r\n\tat org.testng.SuiteRunnerWorker.run(SuiteRunnerWorker.java:96)\r\n\tat org.testng.TestNG.runSuitesSequentially(TestNG.java:1180)\r\n\tat org.testng.TestNG.runSuitesLocally(TestNG.java:1102)\r\n\tat org.testng.TestNG.runSuites(TestNG.java:1032)\r\n\tat org.testng.TestNG.run(TestNG.java:1000)\r\n\tat org.testng.IDEARemoteTestNG.run(IDEARemoteTestNG.java:73)\r\n\tat org.testng.RemoteTestNGStarter.main(RemoteTestNGStarter.java:123)\r\n\tat java.base/jdk.internal.reflect.NativeMethodAccessorImpl.invoke0(Native Method)\r\n\tat java.base/jdk.internal.reflect.NativeMethodAccessorImpl.invoke(NativeMethodAccessorImpl.java:62)\r\n\tat java.base/jdk.internal.reflect.DelegatingMethodAccessorImpl.invoke(DelegatingMethodAccessorImpl.java:43)\r\n\tat java.base/java.lang.reflect.Method.invoke(Method.java:567)\r\n\tat com.intellij.rt.execution.application.AppMainV2.main(AppMainV2.java:131)\r\nCaused by: java.lang.IndexOutOfBoundsException: Index 0 out of bounds for length 0\r\n\tat java.base/jdk.internal.util.Preconditions.outOfBounds(Preconditions.java:64)\r\n\tat java.base/jdk.internal.util.Preconditions.outOfBoundsCheckIndex(Preconditions.java:70)\r\n\tat java.base/jdk.internal.util.Preconditions.checkIndex(Preconditions.java:248)\r\n\tat java.base/java.util.Objects.checkIndex(Objects.java:373)\r\n\tat java.base/java.util.ArrayList.get(ArrayList.java:425)\r\n\tat com.codeborne.selenide.impl.CollectionElement.getWebElement(CollectionElement.java:35)\r\n\tat com.codeborne.selenide.impl.WebElementSource.checkCondition(WebElementSource.java:50)\r\n\t... 40 more\r\n"},"stage":"finished","steps":[{"name":"clickToStockLinkOnUpperMenu","status":"passed","stage":"finished","steps":[{"name":"$([href='/stock.html']) click()","status":"passed","stage":"finished","steps":[],"attachments":[],"parameters":[],"start":1574284702047,"stop":1574284703667}],"attachments":[],"parameters":[],"start":1574284702046,"stop":1574284703667},{"name":"getCountIconSaleOnPage","status":"failed","statusDetails":{"known":false,"muted":false,"flaky":false,"message":"Element not found {[class=\"product-item-label-text product-item-label-stock\"]}\nExpected: visible\nScreenshot: file:/C:/Users/unreg/Desktop/Новая%20папка/bystgarfield/build/reports/tests/1574284706689.0.png\nPage source: file:/C:/Users/unreg/Desktop/Новая%20папка/bystgarfield/build/reports/tests/1574284706689.0.html\nTimeout: 3 s.\nCaused by: java.lang.IndexOutOfBoundsException: Index 0 out of bounds for length 0","trace":"Element not found {[class=\"product-item-label-text product-item-label-stock\"]}\nExpected: visible\nScreenshot: file:/C:/Users/unreg/Desktop/Новая%20папка/bystgarfield/build/reports/tests/1574284706689.0.png\nPage source: file:/C:/Users/unreg/Desktop/Новая%20папка/bystgarfield/build/reports/tests/1574284706689.0.html\nTimeout: 3 s.\nCaused by: java.lang.IndexOutOfBoundsException: Index 0 out of bounds for length 0\r\n\tat com.codeborne.selenide.impl.CollectionElement.createElementNotFoundError(CollectionElement.java:46)\r\n\tat com.codeborne.selenide.impl.WebElementSource.checkCondition(WebElementSource.java:65)\r\n\tat com.codeborne.selenide.commands.Should.execute(Should.java:24)\r\n\tat com.codeborne.selenide.commands.Should.execute(Should.java:10)\r\n\tat com.codeborne.selenide.commands.Commands.execute(Commands.java:145)\r\n\tat com.codeborne.selenide.impl.SelenideElementProxy.dispatchAndRetry(SelenideElementProxy.java:99)\r\n\tat com.codeborne.selenide.impl.SelenideElementProxy.invoke(SelenideElementProxy.java:65)\r\n\tat com.sun.proxy.$Proxy12.waitUntil(Unknown Source)\r\n\tat pageobject.StockPage.getCountIconSaleOnPage(StockPage.java:21)\r\n\tat basic.HardCodeOnline.verifyAllSnippetsContainsIconSale(HardCodeOnline.java:95)\r\n\tat java.base/jdk.internal.reflect.NativeMethodAccessorImpl.invoke0(Native Method)\r\n\tat java.base/jdk.internal.reflect.NativeMethodAccessorImpl.invoke(NativeMethodAccessorImpl.java:62)\r\n\tat java.base/jdk.internal.reflect.DelegatingMethodAccessorImpl.invoke(DelegatingMethodAccessorImpl.java:43)\r\n\tat java.base/java.lang.reflect.Method.invoke(Method.java:567)\r\n\tat org.testng.internal.MethodInvocationHelper.invokeMethod(MethodInvocationHelper.java:133)\r\n\tat org.testng.internal.TestInvoker.invokeMethod(TestInvoker.java:584)\r\n\tat org.testng.internal.TestInvoker.invokeTestMethod(TestInvoker.java:172)\r\n\tat org.testng.internal.MethodRunner.runInSequence(MethodRunner.java:46)\r\n\tat org.testng.internal.TestInvoker$MethodInvocationAgent.invoke(TestInvoker.java:804)\r\n\tat org.testng.internal.TestInvoker.invokeTestMethods(TestInvoker.java:145)\r\n\tat org.testng.internal.TestMethodWorker.invokeTestMethods(TestMethodWorker.java:146)\r\n\tat org.testng.internal.TestMethodWorker.run(TestMethodWorker.java:128)\r\n\tat java.base/java.util.ArrayList.forEach(ArrayList.java:1507)\r\n\tat org.testng.TestRunner.privateRun(TestRunner.java:770)\r\n\tat org.testng.TestRunner.run(TestRunner.java:591)\r\n\tat org.testng.SuiteRunner.runTest(SuiteRunner.java:402)\r\n\tat org.testng.SuiteRunner.runSequentially(SuiteRunner.java:396)\r\n\tat org.testng.SuiteRunner.privateRun(SuiteRunner.java:355)\r\n\tat org.testng.SuiteRunner.run(SuiteRunner.java:304)\r\n\tat org.testng.SuiteRunnerWorker.runSuite(SuiteRunnerWorker.java:53)\r\n\tat org.testng.SuiteRunnerWorker.run(SuiteRunnerWorker.java:96)\r\n\tat org.testng.TestNG.runSuitesSequentially(TestNG.java:1180)\r\n\tat org.testng.TestNG.runSuitesLocally(TestNG.java:1102)\r\n\tat org.testng.TestNG.runSuites(TestNG.java:1032)\r\n\tat org.testng.TestNG.run(TestNG.java:1000)\r\n\tat org.testng.IDEARemoteTestNG.run(IDEARemoteTestNG.java:73)\r\n\tat org.testng.RemoteTestNGStarter.main(RemoteTestNGStarter.java:123)\r\n\tat java.base/jdk.internal.reflect.NativeMethodAccessorImpl.invoke0(Native Method)\r\n\tat java.base/jdk.internal.reflect.NativeMethodAccessorImpl.invoke(NativeMethodAccessorImpl.java:62)\r\n\tat java.base/jdk.internal.reflect.DelegatingMethodAccessorImpl.invoke(DelegatingMethodAccessorImpl.java:43)\r\n\tat java.base/java.lang.reflect.Method.invoke(Method.java:567)\r\n\tat com.intellij.rt.execution.application.AppMainV2.main(AppMainV2.java:131)\r\nCaused by: java.lang.IndexOutOfBoundsException: Index 0 out of bounds for length 0\r\n\tat java.base/jdk.internal.util.Preconditions.outOfBounds(Preconditions.java:64)\r\n\tat java.base/jdk.internal.util.Preconditions.outOfBoundsCheckIndex(Preconditions.java:70)\r\n\tat java.base/jdk.internal.util.Preconditions.checkIndex(Preconditions.java:248)\r\n\tat java.base/java.util.Objects.checkIndex(Objects.java:373)\r\n\tat java.base/java.util.ArrayList.get(ArrayList.java:425)\r\n\tat com.codeborne.selenide.impl.CollectionElement.getWebElement(CollectionElement.java:35)\r\n\tat com.codeborne.selenide.impl.WebElementSource.checkCondition(WebElementSource.java:50)\r\n\t... 40 more\r\n"},"stage":"finished","steps":[{"name":"$([class=\"product-item-label-text product-item-label-stock\"][0]) wait until([visible, 3000])","status":"failed","statusDetails":{"known":false,"muted":false,"flaky":false,"message":"Element not found {[class=\"product-item-label-text product-item-label-stock\"]}\nExpected: visible\nScreenshot: file:/C:/Users/unreg/Desktop/Новая%20папка/bystgarfield/build/reports/tests/1574284706689.0.png\nPage source: file:/C:/Users/unreg/Desktop/Новая%20папка/bystgarfield/build/reports/tests/1574284706689.0.html\nTimeout: 3 s.\nCaused by: java.lang.IndexOutOfBoundsException: Index 0 out of bounds for length 0","trace":"Element not found {[class=\"product-item-label-text product-item-label-stock\"]}\nExpected: visible\nScreenshot: file:/C:/Users/unreg/Desktop/Новая%20папка/bystgarfield/build/reports/tests/1574284706689.0.png\nPage source: file:/C:/Users/unreg/Desktop/Новая%20папка/bystgarfield/build/reports/tests/1574284706689.0.html\nTimeout: 3 s.\nCaused by: java.lang.IndexOutOfBoundsException: Index 0 out of bounds for length 0\r\n\tat com.codeborne.selenide.impl.CollectionElement.createElementNotFoundError(CollectionElement.java:46)\r\n\tat com.codeborne.selenide.impl.WebElementSource.checkCondition(WebElementSource.java:65)\r\n\tat com.codeborne.selenide.commands.Should.execute(Should.java:24)\r\n\tat com.codeborne.selenide.commands.Should.execute(Should.java:10)\r\n\tat com.codeborne.selenide.commands.Commands.execute(Commands.java:145)\r\n\tat com.codeborne.selenide.impl.SelenideElementProxy.dispatchAndRetry(SelenideElementProxy.java:99)\r\n\tat com.codeborne.selenide.impl.SelenideElementProxy.invoke(SelenideElementProxy.java:65)\r\n\tat com.sun.proxy.$Proxy12.waitUntil(Unknown Source)\r\n\tat pageobject.StockPage.getCountIconSaleOnPage(StockPage.java:21)\r\n\tat basic.HardCodeOnline.verifyAllSnippetsContainsIconSale(HardCodeOnline.java:95)\r\n\tat java.base/jdk.internal.reflect.NativeMethodAccessorImpl.invoke0(Native Method)\r\n\tat java.base/jdk.internal.reflect.NativeMethodAccessorImpl.invoke(NativeMethodAccessorImpl.java:62)\r\n\tat java.base/jdk.internal.reflect.DelegatingMethodAccessorImpl.invoke(DelegatingMethodAccessorImpl.java:43)\r\n\tat java.base/java.lang.reflect.Method.invoke(Method.java:567)\r\n\tat org.testng.internal.MethodInvocationHelper.invokeMethod(MethodInvocationHelper.java:133)\r\n\tat org.testng.internal.TestInvoker.invokeMethod(TestInvoker.java:584)\r\n\tat org.testng.internal.TestInvoker.invokeTestMethod(TestInvoker.java:172)\r\n\tat org.testng.internal.MethodRunner.runInSequence(MethodRunner.java:46)\r\n\tat org.testng.internal.TestInvoker$MethodInvocationAgent.invoke(TestInvoker.java:804)\r\n\tat org.testng.internal.TestInvoker.invokeTestMethods(TestInvoker.java:145)\r\n\tat org.testng.internal.TestMethodWorker.invokeTestMethods(TestMethodWorker.java:146)\r\n\tat org.testng.internal.TestMethodWorker.run(TestMethodWorker.java:128)\r\n\tat java.base/java.util.ArrayList.forEach(ArrayList.java:1507)\r\n\tat org.testng.TestRunner.privateRun(TestRunner.java:770)\r\n\tat org.testng.TestRunner.run(TestRunner.java:591)\r\n\tat org.testng.SuiteRunner.runTest(SuiteRunner.java:402)\r\n\tat org.testng.SuiteRunner.runSequentially(SuiteRunner.java:396)\r\n\tat org.testng.SuiteRunner.privateRun(SuiteRunner.java:355)\r\n\tat org.testng.SuiteRunner.run(SuiteRunner.java:304)\r\n\tat org.testng.SuiteRunnerWorker.runSuite(SuiteRunnerWorker.java:53)\r\n\tat org.testng.SuiteRunnerWorker.run(SuiteRunnerWorker.java:96)\r\n\tat org.testng.TestNG.runSuitesSequentially(TestNG.java:1180)\r\n\tat org.testng.TestNG.runSuitesLocally(TestNG.java:1102)\r\n\tat org.testng.TestNG.runSuites(TestNG.java:1032)\r\n\tat org.testng.TestNG.run(TestNG.java:1000)\r\n\tat org.testng.IDEARemoteTestNG.run(IDEARemoteTestNG.java:73)\r\n\tat org.testng.RemoteTestNGStarter.main(RemoteTestNGStarter.java:123)\r\n\tat java.base/jdk.internal.reflect.NativeMethodAccessorImpl.invoke0(Native Method)\r\n\tat java.base/jdk.internal.reflect.NativeMethodAccessorImpl.invoke(NativeMethodAccessorImpl.java:62)\r\n\tat java.base/jdk.internal.reflect.DelegatingMethodAccessorImpl.invoke(DelegatingMethodAccessorImpl.java:43)\r\n\tat java.base/java.lang.reflect.Method.invoke(Method.java:567)\r\n\tat com.intellij.rt.execution.application.AppMainV2.main(AppMainV2.java:131)\r\nCaused by: java.lang.IndexOutOfBoundsException: Index 0 out of bounds for length 0\r\n\tat java.base/jdk.internal.util.Preconditions.outOfBounds(Preconditions.java:64)\r\n\tat java.base/jdk.internal.util.Preconditions.outOfBoundsCheckIndex(Preconditions.java:70)\r\n\tat java.base/jdk.internal.util.Preconditions.checkIndex(Preconditions.java:248)\r\n\tat java.base/java.util.Objects.checkIndex(Objects.java:373)\r\n\tat java.base/java.util.ArrayList.get(ArrayList.java:425)\r\n\tat com.codeborne.selenide.impl.CollectionElement.getWebElement(CollectionElement.java:35)\r\n\tat com.codeborne.selenide.impl.WebElementSource.checkCondition(WebElementSource.java:50)\r\n\t... 40 more\r\n"},"stage":"finished","steps":[],"attachments":[{"name":"Screenshot","source":"9e4941b0-d8d9-4d48-9cf9-e7f886d386fc-attachment.png","type":"image/png"}],"parameters":[],"start":1574284703667,"stop":1574284708575}],"attachments":[],"parameters":[],"start":1574284703667,"stop":1574284708576}],"attachments":[],"parameters":[],"start":1574284702046,"stop":1574284708837,"uuid":"b176de4e-fe4d-43cc-9f08-e6a774f17c3f","historyId":"933656f921247a83037d914daecde9a8","fullName":"basic.HardCodeOnline.verifyAllSnippetsContainsIconSale","labels":[{"name":"package","value":"basic.HardCodeOnline"},{"name":"testClass","value":"basic.HardCodeOnline"},{"name":"testMethod","value":"verifyAllSnippetsContainsIconSale"},{"name":"parentSuite","value":"Default Suite"},{"name":"suite","value":"bystgarfield"},{"name":"subSuite","value":"basic.HardCodeOnline"},{"name":"host","value":"DESKTOP-MTSHBJ8"},{"name":"thread","value":"8588@DESKTOP-MTSHBJ8.main(1)"},{"name":"framework","value":"testng"},{"name":"language","value":"java"}],"links":[]}